Release 14.7 - xst P.20131013 (nt64)
Copyright (c) 1995-2013 Xilinx, Inc.  All rights reserved.
--> Parameter TMPDIR set to xst/projnav.tmp


Total REAL time to Xst completion: 1.00 secs
Total CPU time to Xst completion: 0.07 secs
 
--> Parameter xsthdpdir set to xst


Total REAL time to Xst completion: 1.00 secs
Total CPU time to Xst completion: 0.07 secs
 
--> Reading design: ACctrl.prj

TABLE OF CONTENTS
  1) Synthesis Options Summary
  2) HDL Parsing
  3) HDL Elaboration
  4) HDL Synthesis
       4.1) HDL Synthesis Report
  5) Advanced HDL Synthesis
       5.1) Advanced HDL Synthesis Report
  6) Low Level Synthesis
  7) Partition Report
  8) Design Summary
       8.1) Primitive and Black Box Usage
       8.2) Device utilization summary
       8.3) Partition Resource Summary
       8.4) Timing Report
            8.4.1) Clock Information
            8.4.2) Asynchronous Control Signals Information
            8.4.3) Timing Summary
            8.4.4) Timing Details
            8.4.5) Cross Clock Domains Report


=========================================================================
*                      Synthesis Options Summary                        *
=========================================================================
---- Source Parameters
Input File Name                    : "ACctrl.prj"
Ignore Synthesis Constraint File   : NO

---- Target Parameters
Output File Name                   : "ACctrl"
Output Format                      : NGC
Target Device                      : xc6slx16-3-csg324

---- Source Options
Top Module Name                    : ACctrl
Automatic FSM Extraction           : YES
FSM Encoding Algorithm             : Auto
Safe Implementation                : No
FSM Style                          : LUT
RAM Extraction                     : Yes
RAM Style                          : Auto
ROM Extraction                     : Yes
Shift Register Extraction          : YES
ROM Style                          : Auto
Resource Sharing                   : YES
Asynchronous To Synchronous        : NO
Shift Register Minimum Size        : 2
Use DSP Block                      : Auto
Automatic Register Balancing       : No

---- Target Options
LUT Combining                      : Auto
Reduce Control Sets                : Auto
Add IO Buffers                     : YES
Global Maximum Fanout              : 100000
Add Generic Clock Buffer(BUFG)     : 16
Register Duplication               : YES
Optimize Instantiated Primitives   : NO
Use Clock Enable                   : Auto
Use Synchronous Set                : Auto
Use Synchronous Reset              : Auto
Pack IO Registers into IOBs        : Auto
Equivalent register Removal        : YES

---- General Options
Optimization Goal                  : Speed
Optimization Effort                : 1
Power Reduction                    : NO
Keep Hierarchy                     : No
Netlist Hierarchy                  : As_Optimized
RTL Output                         : Yes
Global Optimization                : AllClockNets
Read Cores                         : YES
Write Timing Constraints           : NO
Cross Clock Analysis               : NO
Hierarchy Separator                : /
Bus Delimiter                      : <>
Case Specifier                     : Maintain
Slice Utilization Ratio            : 100
BRAM Utilization Ratio             : 100
DSP48 Utilization Ratio            : 100
Auto BRAM Packing                  : NO
Slice Utilization Ratio Delta      : 5

=========================================================================


=========================================================================
*                          HDL Parsing                                  *
=========================================================================
Parsing VHDL file "C:\Users\Administrator\CPU\RISC-CPU\RISC-CPU\ACctrl.vhd" into library work
Parsing entity <ACctrl>.
Parsing architecture <Behavioral> of entity <acctrl>.

=========================================================================
*                            HDL Elaboration                            *
=========================================================================

Elaborating entity <ACctrl> (architecture <Behavioral>) from library <work>.

=========================================================================
*                           HDL Synthesis                               *
=========================================================================

Synthesizing Unit <ACctrl>.
    Related source file is "C:\Users\Administrator\CPU\RISC-CPU\RISC-CPU\ACctrl.vhd".
    Found 1-bit tristate buffer for signal <DBUS<15>> created at line 72
    Found 1-bit tristate buffer for signal <DBUS<14>> created at line 72
    Found 1-bit tristate buffer for signal <DBUS<13>> created at line 72
    Found 1-bit tristate buffer for signal <DBUS<12>> created at line 72
    Found 1-bit tristate buffer for signal <DBUS<11>> created at line 72
    Found 1-bit tristate buffer for signal <DBUS<10>> created at line 72
    Found 1-bit tristate buffer for signal <DBUS<9>> created at line 72
    Found 1-bit tristate buffer for signal <DBUS<8>> created at line 72
    Found 1-bit tristate buffer for signal <DBUS<7>> created at line 72
    Found 1-bit tristate buffer for signal <DBUS<6>> created at line 72
    Found 1-bit tristate buffer for signal <DBUS<5>> created at line 72
    Found 1-bit tristate buffer for signal <DBUS<4>> created at line 72
    Found 1-bit tristate buffer for signal <DBUS<3>> created at line 72
    Found 1-bit tristate buffer for signal <DBUS<2>> created at line 72
    Found 1-bit tristate buffer for signal <DBUS<1>> created at line 72
    Found 1-bit tristate buffer for signal <DBUS<0>> created at line 72
    Found 1-bit tristate buffer for signal <IODB<7>> created at line 79
    Found 1-bit tristate buffer for signal <IODB<6>> created at line 79
    Found 1-bit tristate buffer for signal <IODB<5>> created at line 79
    Found 1-bit tristate buffer for signal <IODB<4>> created at line 79
    Found 1-bit tristate buffer for signal <IODB<3>> created at line 79
    Found 1-bit tristate buffer for signal <IODB<2>> created at line 79
    Found 1-bit tristate buffer for signal <IODB<1>> created at line 79
    Found 1-bit tristate buffer for signal <IODB<0>> created at line 79
    Summary:
	inferred   4 Multiplexer(s).
	inferred  24 Tristate(s).
Unit <ACctrl> synthesized.

=========================================================================
HDL Synthesis Report

Macro Statistics
# Multiplexers                                         : 4
 16-bit 2-to-1 multiplexer                             : 3
 8-bit 2-to-1 multiplexer                              : 1
# Tristates                                            : 24
 1-bit tristate buffer                                 : 24

=========================================================================

=========================================================================
*                       Advanced HDL Synthesis                          *
=========================================================================


=========================================================================
Advanced HDL Synthesis Report

Macro Statistics
# Multiplexers                                         : 4
 16-bit 2-to-1 multiplexer                             : 3
 8-bit 2-to-1 multiplexer                              : 1

=========================================================================

=========================================================================
*                         Low Level Synthesis                           *
=========================================================================

Optimizing unit <ACctrl> ...

Mapping all equations...
Building and optimizing final netlist ...
Found area constraint ratio of 100 (+ 5) on block ACctrl, actual ratio is 0.

Final Macro Processing ...

=========================================================================
Final Register Report

Found no macro
=========================================================================

=========================================================================
*                           Partition Report                            *
=========================================================================

Partition Implementation Status
-------------------------------

  No Partitions were found in this design.

-------------------------------

=========================================================================
*                            Design Summary                             *
=========================================================================

Top Level Output File Name         : ACctrl.ngc

Primitive and Black Box Usage:
------------------------------
# BELS                             : 50
#      GND                         : 1
#      INV                         : 1
#      LUT2                        : 7
#      LUT3                        : 17
#      LUT5                        : 16
#      LUT6                        : 8
# IO Buffers                       : 126
#      IBUF                        : 45
#      IOBUF                       : 24
#      OBUF                        : 57

Device utilization summary:
---------------------------

Selected Device : 6slx16csg324-3 


Slice Logic Utilization: 
 Number of Slice LUTs:                   49  out of   9112     0%  
    Number used as Logic:                49  out of   9112     0%  

Slice Logic Distribution: 
 Number of LUT Flip Flop pairs used:     49
   Number with an unused Flip Flop:      49  out of     49   100%  
   Number with an unused LUT:             0  out of     49     0%  
   Number of fully used LUT-FF pairs:     0  out of     49     0%  
   Number of unique control sets:         0

IO Utilization: 
 Number of IOs:                         126
 Number of bonded IOBs:                 126  out of    232    54%  

Specific Feature Utilization:

---------------------------
Partition Resource Summary:
---------------------------

  No Partitions were found in this design.

---------------------------


=========================================================================
Timing Report

NOTE: THESE TIMING NUMBERS ARE ONLY A SYNTHESIS ESTIMATE.
      FOR ACCURATE TIMING INFORMATION PLEASE REFER TO THE TRACE REPORT
      GENERATED AFTER PLACE-and-ROUTE.

Clock Information:
------------------
No clock signals found in this design

Asynchronous Control Signals Information:
----------------------------------------
No asynchronous control signals found in this design

Timing Summary:
---------------
Speed Grade: -3

   Minimum period: No path found
   Minimum input arrival time before clock: No path found
   Maximum output required time after clock: No path found
   Maximum combinational path delay: 8.019ns

Timing Details:
---------------
All values displayed in nanoseconds (ns)

=========================================================================
Timing constraint: Default path analysis
  Total number of paths / destination ports: 459 / 73
-------------------------------------------------------------------------
Delay:               8.019ns (Levels of Logic = 5)
  Source:            nIO (PAD)
  Destination:       Rtemp<7> (PAD)

  Data Path: nIO to Rtemp<7>
                                Gate     Net
    Cell:in->out      fanout   Delay   Delay  Logical Name (Net Name)
    ----------------------------------------  ------------
     IBUF:I->O             4   1.222   0.788  nIO_IBUF (nPREQ_OBUF)
     LUT2:I0->O           16   0.203   1.233  RD_nIO_AND_3_o1 (RD_nIO_AND_3_o)
     LUT5:I2->O            3   0.205   1.015  Mmux_IR161 (IR_9_OBUF)
     LUT6:I0->O            1   0.203   0.579  Mmux_Rtemp21 (Rtemp_1_OBUF)
     OBUF:I->O                 2.571          Rtemp_1_OBUF (Rtemp<1>)
    ----------------------------------------
    Total                      8.019ns (4.404ns logic, 3.615ns route)
                                       (54.9% logic, 45.1% route)

=========================================================================

Cross Clock Domains Report:
--------------------------

=========================================================================


Total REAL time to Xst completion: 5.00 secs
Total CPU time to Xst completion: 4.83 secs
 
--> 

Total memory usage is 257028 kilobytes

Number of errors   :    0 (   0 filtered)
Number of warnings :    0 (   0 filtered)
Number of infos    :    0 (   0 filtered)

