Release 14.7 - xst P.20131013 (nt64)
Copyright (c) 1995-2013 Xilinx, Inc.  All rights reserved.
--> Parameter TMPDIR set to xst/projnav.tmp


Total REAL time to Xst completion: 0.00 secs
Total CPU time to Xst completion: 0.08 secs
 
--> Parameter xsthdpdir set to xst


Total REAL time to Xst completion: 0.00 secs
Total CPU time to Xst completion: 0.08 secs
 
--> Reading design: IFctrl.prj

TABLE OF CONTENTS
  1) Synthesis Options Summary
  2) HDL Parsing
  3) HDL Elaboration
  4) HDL Synthesis
       4.1) HDL Synthesis Report
  5) Advanced HDL Synthesis
       5.1) Advanced HDL Synthesis Report
  6) Low Level Synthesis
  7) Partition Report
  8) Design Summary
       8.1) Primitive and Black Box Usage
       8.2) Device utilization summary
       8.3) Partition Resource Summary
       8.4) Timing Report
            8.4.1) Clock Information
            8.4.2) Asynchronous Control Signals Information
            8.4.3) Timing Summary
            8.4.4) Timing Details
            8.4.5) Cross Clock Domains Report


=========================================================================
*                      Synthesis Options Summary                        *
=========================================================================
---- Source Parameters
Input File Name                    : "IFctrl.prj"
Ignore Synthesis Constraint File   : NO

---- Target Parameters
Output File Name                   : "IFctrl"
Output Format                      : NGC
Target Device                      : xc6slx16-3-csg324

---- Source Options
Top Module Name                    : IFctrl
Automatic FSM Extraction           : YES
FSM Encoding Algorithm             : Auto
Safe Implementation                : No
FSM Style                          : LUT
RAM Extraction                     : Yes
RAM Style                          : Auto
ROM Extraction                     : Yes
Shift Register Extraction          : YES
ROM Style                          : Auto
Resource Sharing                   : YES
Asynchronous To Synchronous        : NO
Shift Register Minimum Size        : 2
Use DSP Block                      : Auto
Automatic Register Balancing       : No

---- Target Options
LUT Combining                      : Auto
Reduce Control Sets                : Auto
Add IO Buffers                     : YES
Global Maximum Fanout              : 100000
Add Generic Clock Buffer(BUFG)     : 16
Register Duplication               : YES
Optimize Instantiated Primitives   : NO
Use Clock Enable                   : Auto
Use Synchronous Set                : Auto
Use Synchronous Reset              : Auto
Pack IO Registers into IOBs        : Auto
Equivalent register Removal        : YES

---- General Options
Optimization Goal                  : Speed
Optimization Effort                : 1
Power Reduction                    : NO
Keep Hierarchy                     : No
Netlist Hierarchy                  : As_Optimized
RTL Output                         : Yes
Global Optimization                : AllClockNets
Read Cores                         : YES
Write Timing Constraints           : NO
Cross Clock Analysis               : NO
Hierarchy Separator                : /
Bus Delimiter                      : <>
Case Specifier                     : Maintain
Slice Utilization Ratio            : 100
BRAM Utilization Ratio             : 100
DSP48 Utilization Ratio            : 100
Auto BRAM Packing                  : NO
Slice Utilization Ratio Delta      : 5

=========================================================================


=========================================================================
*                          HDL Parsing                                  *
=========================================================================
Parsing VHDL file "C:\Users\Administrator\CPU\RISC-CPU\RISC-CPU\IFctrl.vhd" into library work
Parsing entity <IFctrl>.
Parsing architecture <Behavioral> of entity <ifctrl>.

=========================================================================
*                            HDL Elaboration                            *
=========================================================================

Elaborating entity <IFctrl> (architecture <Behavioral>) from library <work>.

=========================================================================
*                           HDL Synthesis                               *
=========================================================================

Synthesizing Unit <IFctrl>.
    Related source file is "C:\Users\Administrator\CPU\RISC-CPU\RISC-CPU\IFctrl.vhd".
    Found 16-bit register for signal <PC>.
    Found 16-bit register for signal <IR>.
    Summary:
	inferred  32 D-type flip-flop(s).
Unit <IFctrl> synthesized.

=========================================================================
HDL Synthesis Report

Macro Statistics
# Registers                                            : 2
 16-bit register                                       : 2

=========================================================================

=========================================================================
*                       Advanced HDL Synthesis                          *
=========================================================================


=========================================================================
Advanced HDL Synthesis Report

Macro Statistics
# Registers                                            : 32
 Flip-Flops                                            : 32

=========================================================================

=========================================================================
*                         Low Level Synthesis                           *
=========================================================================

Optimizing unit <IFctrl> ...

Mapping all equations...
Building and optimizing final netlist ...
Found area constraint ratio of 100 (+ 5) on block IFctrl, actual ratio is 0.

Final Macro Processing ...

=========================================================================
Final Register Report

Macro Statistics
# Registers                                            : 32
 Flip-Flops                                            : 32

=========================================================================

=========================================================================
*                           Partition Report                            *
=========================================================================

Partition Implementation Status
-------------------------------

  No Partitions were found in this design.

-------------------------------

=========================================================================
*                            Design Summary                             *
=========================================================================

Top Level Output File Name         : IFctrl.ngc

Primitive and Black Box Usage:
------------------------------
# BELS                             : 1
#      LUT2                        : 1
# FlipFlops/Latches                : 32
#      FDC                         : 16
#      FDE_1                       : 16
# Clock Buffers                    : 2
#      BUFG                        : 1
#      BUFGP                       : 1
# IO Buffers                       : 68
#      IBUF                        : 35
#      OBUF                        : 33

Device utilization summary:
---------------------------

Selected Device : 6slx16csg324-3 


Slice Logic Utilization: 
 Number of Slice LUTs:                    1  out of   9112     0%  
    Number used as Logic:                 1  out of   9112     0%  

Slice Logic Distribution: 
 Number of LUT Flip Flop pairs used:      1
   Number with an unused Flip Flop:       1  out of      1   100%  
   Number with an unused LUT:             0  out of      1     0%  
   Number of fully used LUT-FF pairs:     0  out of      1     0%  
   Number of unique control sets:         2

IO Utilization: 
 Number of IOs:                          69
 Number of bonded IOBs:                  69  out of    232    29%  
    IOB Flip Flops/Latches:              32

Specific Feature Utilization:
 Number of BUFG/BUFGCTRLs:                2  out of     16    12%  

---------------------------
Partition Resource Summary:
---------------------------

  No Partitions were found in this design.

---------------------------


=========================================================================
Timing Report

NOTE: THESE TIMING NUMBERS ARE ONLY A SYNTHESIS ESTIMATE.
      FOR ACCURATE TIMING INFORMATION PLEASE REFER TO THE TRACE REPORT
      GENERATED AFTER PLACE-and-ROUTE.

Clock Information:
------------------
-----------------------------------+------------------------+-------+
Clock Signal                       | Clock buffer(FF name)  | Load  |
-----------------------------------+------------------------+-------+
PCupdate                           | BUFGP                  | 16    |
CLK                                | IBUF+BUFG              | 16    |
-----------------------------------+------------------------+-------+

Asynchronous Control Signals Information:
----------------------------------------
No asynchronous control signals found in this design

Timing Summary:
---------------
Speed Grade: -3

   Minimum period: No path found
   Minimum input arrival time before clock: 2.656ns
   Maximum output required time after clock: 3.597ns
   Maximum combinational path delay: 5.707ns

Timing Details:
---------------
All values displayed in nanoseconds (ns)

=========================================================================
Timing constraint: Default OFFSET IN BEFORE for Clock 'PCupdate'
  Total number of paths / destination ports: 32 / 32
-------------------------------------------------------------------------
Offset:              2.656ns (Levels of Logic = 1)
  Source:            RST (PAD)
  Destination:       PCnew[15]_dff_5_0 (FF)
  Destination Clock: PCupdate rising

  Data Path: RST to PCnew[15]_dff_5_0
                                Gate     Net
    Cell:in->out      fanout   Delay   Delay  Logical Name (Net Name)
    ----------------------------------------  ------------
     IBUF:I->O            16   1.222   1.004  RST_IBUF (RST_IBUF)
     FDC:CLR                   0.430          PCnew[15]_dff_5_0
    ----------------------------------------
    Total                      2.656ns (1.652ns logic, 1.004ns route)
                                       (62.2% logic, 37.8% route)

=========================================================================
Timing constraint: Default OFFSET IN BEFORE for Clock 'CLK'
  Total number of paths / destination ports: 32 / 32
-------------------------------------------------------------------------
Offset:              2.571ns (Levels of Logic = 1)
  Source:            T0 (PAD)
  Destination:       IR[15]_dff_3_0 (FF)
  Destination Clock: CLK falling

  Data Path: T0 to IR[15]_dff_3_0
                                Gate     Net
    Cell:in->out      fanout   Delay   Delay  Logical Name (Net Name)
    ----------------------------------------  ------------
     IBUF:I->O            17   1.222   1.027  T0_IBUF (T0_IBUF)
     FDE_1:CE                  0.322          IR[15]_dff_3_0
    ----------------------------------------
    Total                      2.571ns (1.544ns logic, 1.027ns route)
                                       (60.1% logic, 39.9% route)

=========================================================================
Timing constraint: Default OFFSET OUT AFTER for Clock 'PCupdate'
  Total number of paths / destination ports: 16 / 16
-------------------------------------------------------------------------
Offset:              3.597ns (Levels of Logic = 1)
  Source:            PCnew[15]_dff_5_15 (FF)
  Destination:       PCout<15> (PAD)
  Source Clock:      PCupdate rising

  Data Path: PCnew[15]_dff_5_15 to PCout<15>
                                Gate     Net
    Cell:in->out      fanout   Delay   Delay  Logical Name (Net Name)
    ----------------------------------------  ------------
     FDC:C->Q              1   0.447   0.579  PCnew[15]_dff_5_15 (PCnew[15]_dff_5_15)
     OBUF:I->O                 2.571          PCout_15_OBUF (PCout<15>)
    ----------------------------------------
    Total                      3.597ns (3.018ns logic, 0.579ns route)
                                       (83.9% logic, 16.1% route)

=========================================================================
Timing constraint: Default OFFSET OUT AFTER for Clock 'CLK'
  Total number of paths / destination ports: 16 / 16
-------------------------------------------------------------------------
Offset:              3.597ns (Levels of Logic = 1)
  Source:            IR[15]_dff_3_15 (FF)
  Destination:       IRout<15> (PAD)
  Source Clock:      CLK falling

  Data Path: IR[15]_dff_3_15 to IRout<15>
                                Gate     Net
    Cell:in->out      fanout   Delay   Delay  Logical Name (Net Name)
    ----------------------------------------  ------------
     FDE_1:C->Q            1   0.447   0.579  IR[15]_dff_3_15 (IR[15]_dff_3_15)
     OBUF:I->O                 2.571          IRout_15_OBUF (IRout<15>)
    ----------------------------------------
    Total                      3.597ns (3.018ns logic, 0.579ns route)
                                       (83.9% logic, 16.1% route)

=========================================================================
Timing constraint: Default path analysis
  Total number of paths / destination ports: 2 / 1
-------------------------------------------------------------------------
Delay:               5.707ns (Levels of Logic = 3)
  Source:            T0 (PAD)
  Destination:       RDIR (PAD)

  Data Path: T0 to RDIR
                                Gate     Net
    Cell:in->out      fanout   Delay   Delay  Logical Name (Net Name)
    ----------------------------------------  ------------
     IBUF:I->O            17   1.222   1.132  T0_IBUF (T0_IBUF)
     LUT2:I0->O            1   0.203   0.579  RDIR1 (RDIR_OBUF)
     OBUF:I->O                 2.571          RDIR_OBUF (RDIR)
    ----------------------------------------
    Total                      5.707ns (3.996ns logic, 1.711ns route)
                                       (70.0% logic, 30.0% route)

=========================================================================

Cross Clock Domains Report:
--------------------------

=========================================================================


Total REAL time to Xst completion: 5.00 secs
Total CPU time to Xst completion: 4.80 secs
 
--> 

Total memory usage is 257540 kilobytes

Number of errors   :    0 (   0 filtered)
Number of warnings :    0 (   0 filtered)
Number of infos    :    0 (   0 filtered)

