--------------------------------------------------------------------------------
Release 14.7 Trace  (nt64)
Copyright (c) 1995-2013 Xilinx, Inc.  All rights reserved.

C:\Xilinx\14.7\ISE_DS\ISE\bin\nt64\unwrapped\trce.exe -intstyle ise -v 3 -s 3
-n 3 -fastpaths -xml N3Adapter.twx N3Adapter.ncd -o N3Adapter.twr N3Adapter.pcf
-ucf Nexys3_Master.ucf

Design file:              N3Adapter.ncd
Physical constraint file: N3Adapter.pcf
Device,package,speed:     xc6slx16,csg324,C,-3 (PRODUCTION 1.23 2013-10-13)
Report level:             verbose report

Environment Variable      Effect 
--------------------      ------ 
NONE                      No environment variables were set
--------------------------------------------------------------------------------

INFO:Timing:2698 - No timing constraints found, doing default enumeration.
INFO:Timing:3412 - To improve timing, see the Timing Closure User Guide (UG612).
INFO:Timing:2752 - To get complete path coverage, use the unconstrained paths 
   option. All paths that are not constrained will be reported in the 
   unconstrained paths section(s) of the report.
INFO:Timing:3339 - The clock-to-out numbers in this timing report are based on 
   a 50 Ohm transmission line loading model.  For the details of this model, 
   and for more information on accounting for different loading conditions, 
   please see the device datasheet.



Data Sheet report:
-----------------
All values displayed in nanoseconds (ns)

Setup/Hold to clock CLK
------------+------------+------------+------------+------------+------------------+--------+
            |Max Setup to|  Process   |Max Hold to |  Process   |                  | Clock  |
Source      | clk (edge) |   Corner   | clk (edge) |   Corner   |Internal Clock(s) | Phase  |
------------+------------+------------+------------+------------+------------------+--------+
btnr        |    2.074(R)|      SLOW  |   -0.198(R)|      SLOW  |CLK_BUFGP         |   0.000|
------------+------------+------------+------------+------------+------------------+--------+

Clock CLK to Pad
------------+-----------------+------------+-----------------+------------+------------------+--------+
            |Max (slowest) clk|  Process   |Min (fastest) clk|  Process   |                  | Clock  |
Destination |  (edge) to PAD  |   Corner   |  (edge) to PAD  |   Corner   |Internal Clock(s) | Phase  |
------------+-----------------+------------+-----------------+------------+------------------+--------+
MemAdr<1>   |        15.207(R)|      SLOW  |         6.355(R)|      FAST  |CLK_BUFGP         |   0.000|
MemAdr<2>   |        15.675(R)|      SLOW  |         6.586(R)|      FAST  |CLK_BUFGP         |   0.000|
MemAdr<3>   |        14.774(R)|      SLOW  |         6.495(R)|      FAST  |CLK_BUFGP         |   0.000|
MemAdr<4>   |        14.713(R)|      SLOW  |         6.293(R)|      FAST  |CLK_BUFGP         |   0.000|
MemAdr<5>   |        14.658(R)|      SLOW  |         6.659(R)|      FAST  |CLK_BUFGP         |   0.000|
MemAdr<6>   |        15.067(R)|      SLOW  |         6.675(R)|      FAST  |CLK_BUFGP         |   0.000|
MemAdr<7>   |        14.330(R)|      SLOW  |         6.656(R)|      FAST  |CLK_BUFGP         |   0.000|
MemAdr<8>   |        14.295(R)|      SLOW  |         6.834(R)|      FAST  |CLK_BUFGP         |   0.000|
MemAdr<9>   |        14.295(R)|      SLOW  |         6.654(R)|      FAST  |CLK_BUFGP         |   0.000|
MemAdr<10>  |        14.866(R)|      SLOW  |         6.803(R)|      FAST  |CLK_BUFGP         |   0.000|
MemAdr<11>  |        14.816(R)|      SLOW  |         7.285(R)|      FAST  |CLK_BUFGP         |   0.000|
MemAdr<12>  |        14.941(R)|      SLOW  |         7.547(R)|      FAST  |CLK_BUFGP         |   0.000|
MemAdr<13>  |        14.785(R)|      SLOW  |         7.506(R)|      FAST  |CLK_BUFGP         |   0.000|
MemAdr<14>  |        14.988(R)|      SLOW  |         7.448(R)|      FAST  |CLK_BUFGP         |   0.000|
MemAdr<15>  |        15.252(R)|      SLOW  |         7.052(R)|      FAST  |CLK_BUFGP         |   0.000|
MemDB<0>    |        15.157(R)|      SLOW  |         9.009(R)|      FAST  |CLK_BUFGP         |   0.000|
MemDB<1>    |        14.634(R)|      SLOW  |         8.668(R)|      FAST  |CLK_BUFGP         |   0.000|
MemDB<2>    |        14.634(R)|      SLOW  |         8.668(R)|      FAST  |CLK_BUFGP         |   0.000|
MemDB<3>    |        14.155(R)|      SLOW  |         8.357(R)|      FAST  |CLK_BUFGP         |   0.000|
MemDB<4>    |        14.155(R)|      SLOW  |         8.357(R)|      FAST  |CLK_BUFGP         |   0.000|
MemDB<5>    |        14.481(R)|      SLOW  |         8.566(R)|      FAST  |CLK_BUFGP         |   0.000|
MemDB<6>    |        14.481(R)|      SLOW  |         8.566(R)|      FAST  |CLK_BUFGP         |   0.000|
MemDB<7>    |        13.948(R)|      SLOW  |         8.180(R)|      FAST  |CLK_BUFGP         |   0.000|
MemDB<8>    |        14.639(R)|      SLOW  |         8.634(R)|      FAST  |CLK_BUFGP         |   0.000|
MemDB<9>    |        14.684(R)|      SLOW  |         8.725(R)|      FAST  |CLK_BUFGP         |   0.000|
MemDB<10>   |        14.336(R)|      SLOW  |         8.472(R)|      FAST  |CLK_BUFGP         |   0.000|
MemDB<11>   |        14.597(R)|      SLOW  |         8.636(R)|      FAST  |CLK_BUFGP         |   0.000|
MemDB<12>   |        14.597(R)|      SLOW  |         8.636(R)|      FAST  |CLK_BUFGP         |   0.000|
MemDB<13>   |        13.659(R)|      SLOW  |         8.078(R)|      FAST  |CLK_BUFGP         |   0.000|
MemDB<14>   |        13.384(R)|      SLOW  |         7.818(R)|      FAST  |CLK_BUFGP         |   0.000|
MemDB<15>   |        13.384(R)|      SLOW  |         7.818(R)|      FAST  |CLK_BUFGP         |   0.000|
RamCS       |        12.673(R)|      SLOW  |         7.368(R)|      FAST  |CLK_BUFGP         |   0.000|
led<0>      |        17.848(R)|      SLOW  |        10.459(R)|      FAST  |CLK_BUFGP         |   0.000|
led<1>      |        18.059(R)|      SLOW  |        10.219(R)|      FAST  |CLK_BUFGP         |   0.000|
led<2>      |        17.952(R)|      SLOW  |        10.477(R)|      FAST  |CLK_BUFGP         |   0.000|
led<3>      |        18.232(R)|      SLOW  |         8.637(R)|      FAST  |CLK_BUFGP         |   0.000|
led<4>      |        17.179(R)|      SLOW  |         9.299(R)|      FAST  |CLK_BUFGP         |   0.000|
led<5>      |        17.998(R)|      SLOW  |        10.258(R)|      FAST  |CLK_BUFGP         |   0.000|
led<6>      |        17.144(R)|      SLOW  |        10.040(R)|      FAST  |CLK_BUFGP         |   0.000|
led<7>      |        18.068(R)|      SLOW  |         9.467(R)|      FAST  |CLK_BUFGP         |   0.000|
------------+-----------------+------------+-----------------+------------+------------------+--------+

Clock to Setup on destination clock CLK
---------------+---------+---------+---------+---------+
               | Src:Rise| Src:Fall| Src:Rise| Src:Fall|
Source Clock   |Dest:Rise|Dest:Rise|Dest:Fall|Dest:Fall|
---------------+---------+---------+---------+---------+
CLK            |    5.957|         |         |         |
---------------+---------+---------+---------+---------+

Pad to Pad
---------------+---------------+---------+
Source Pad     |Destination Pad|  Delay  |
---------------+---------------+---------+
btnd           |led<0>         |   13.015|
btnd           |led<1>         |   13.577|
btnd           |led<2>         |   13.597|
btnd           |led<3>         |   13.366|
btnd           |led<4>         |   13.054|
btnd           |led<5>         |   13.245|
btnd           |led<6>         |   12.764|
btnd           |led<7>         |   12.795|
sw<0>          |led<0>         |   10.256|
sw<1>          |led<1>         |   11.048|
sw<2>          |led<2>         |    9.536|
sw<3>          |led<3>         |   10.320|
sw<4>          |led<4>         |    9.150|
sw<5>          |led<5>         |   10.146|
sw<6>          |led<6>         |    9.359|
sw<7>          |led<7>         |   10.640|
---------------+---------------+---------+


Analysis completed Wed Aug 05 18:49:14 2015 
--------------------------------------------------------------------------------

Trace Settings:
-------------------------
Trace Settings 

Peak Memory Usage: 243 MB



